Arguments: 
  /opt/homebrew/Cellar/node/18.11.0/bin/node /opt/homebrew/Cellar/yarn/1.22.19/libexec/bin/yarn.js build:css

PATH: 
  /Users/watanabemakoto/.rbenv/shims:/Users/watanabemakoto/.rbenv/bin:/Users/watanabemakoto/.rbenv/shims:/Users/watanabemakoto/.rbenv/bin:/opt/homebrew/opt/openssl@3/bin:/opt/homebrew/opt/openssl@3/bin:/usr/local/opt/imagemagick@6/bin:/usr/local/opt/mysql@5.7/bin:/usr/local/opt/imagemagick@6/bin:/Users/watanabemakoto/.pyenv/shims:/opt/homebrew/opt/openjdk/bin:/Users/watanabemakoto/.rbenv/shims:/Users/watanabemakoto/.rbenv/shims:/Users/watanabemakoto/.rbenv/bin:/opt/mysql@5.7/bin:/opt/homebrew/bin:/opt/homebrew/sbin:/Users/watanabemakoto/.rbenv/bin:/Users/watanabemakoto/.rbenv/shims:/usr/local/bin:/usr/local/sbin:/usr/local/bin:/usr/bin:/bin:/usr/sbin:/sbin:/Library/Apple/usr/bin:/Users/watanabemakoto/.rbenv/shims:/Users/watanabemakoto/.rbenv/bin:/opt/homebrew/opt/openssl@3/bin:/usr/local/opt/imagemagick@6/bin:/usr/local/opt/mysql@5.7/bin:/opt/homebrew/opt/openjdk/bin:/opt/mysql@5.7/bin:/opt/homebrew/bin:/opt/homebrew/sbin:/usr/local/sbin:/Users/watanabemakoto/bin:/Users/mizuki.hiura/Downloads/flutter/bin:/Users/watanabemakoto/bin:/sbin:/Users/mizuki.hiura/Downloads/flutter/bin

Yarn version: 
  1.22.19

Node version: 
  18.11.0

Platform: 
  darwin arm64

Trace: 
  SyntaxError: /Users/watanabemakoto/hoge/package.json: Unexpected end of JSON input
      at JSON.parse (<anonymous>)
      at /opt/homebrew/Cellar/yarn/1.22.19/libexec/lib/cli.js:1629:59
      at Generator.next (<anonymous>)
      at step (/opt/homebrew/Cellar/yarn/1.22.19/libexec/lib/cli.js:310:30)
      at /opt/homebrew/Cellar/yarn/1.22.19/libexec/lib/cli.js:321:13

npm manifest: 
  

yarn manifest: 
  No manifest

Lockfile: 
  # THIS IS AN AUTOGENERATED FILE. DO NOT EDIT THIS FILE DIRECTLY.
  # yarn lockfile v1
